Arguments: 
  D:\Program Files\nodejs\node.exe C:\Users\U108-J402\AppData\Roaming\npm\node_modules\yarn\bin\yarn.js install

PATH: 
  C:\Program Files (x86)\Common Files\Oracle\Java\javapath;C:\Program Files\NVIDIA GPU Computing Toolkit\CUDA\v8.0\bin;C:\Program Files\NVIDIA GPU Computing Toolkit\CUDA\v8.0\libnvvp;D:\Github\Install\Perl64\site\bin;D:\Github\Install\Perl64\bin;C:\ProgramData\Oracle\Java\javapath;C:\windows\system32;C:\windows;C:\windows\System32\Wbem;C:\windows\System32\WindowsPowerShell\v1.0\;C:\Windows\system32;C:\Program Files (x86)\Skype\Phone\;C:\Users\U108-J402\.dnx\bin;C:\Program Files\Microsoft DNX\Dnvm\;C:\Program Files (x86)\Windows Kits\8.1\Windows Performance Toolkit\;C:\Program Files\TortoiseSVN\bin;C:\Program Files\SourceGear\Common\DiffMerge\;C:\Program Files\Git\cmd;C:\Program Files (x86)\NVIDIA Corporation\PhysX\Common;C:\Program Files\Microsoft SQL Server\110\Tools\Binn\;C:\Program Files\Common Files\Autodesk Shared\;C:\Program Files (x86)\Autodesk\Backburner\;C:\Program Files\PuTTY\;C:\Program Files\TortoiseGit\bin;D:\Tools\Strawberry\c\bin;D:\Tools\Strawberry\perl\site\bin;D:\Tools\Strawberry\perl\bin;C:\windows\SysWOW64\Empirum;D:\Program Files\nodejs\;D:\Tools\Ruby25-x64\bin;C:\Qt\Tools\QtInstallerFramework\2.0\bin;C:\Users\U108-J402\AppData\Local\atom\bin;C:\Python27;C:\Users\U108-J402\AppData\Roaming\npm

Yarn version: 
  1.6.0

Node version: 
  8.11.2

Platform: 
  win32 x64

Trace: 
  TypeError: Path must be a string. Received { integrity: 'sha1-c7Xuyj+rZT49P5Qis0GtQiBdyWU=',
    requires: 
     { co: '4.6.0',
       'fast-deep-equal': '1.1.0',
       'fast-json-stable-stringify': '2.0.0',
       'json-schema-traverse': '0.3.1' },
    resolved: 'https://registry.npmjs.org/ajv/-/ajv-5.5.2.tgz',
    version: '5.5.2' }
      at assertPath (path.js:28:11)
      at Object.isAbsolute (path.js:460:5)
      at module.exports.exports.default (C:\Users\U108-J402\AppData\Roaming\npm\node_modules\yarn\lib\cli.js:96319:16)
      at C:\Users\U108-J402\AppData\Roaming\npm\node_modules\yarn\lib\cli.js:52715:63
      at Generator.next (<anonymous>)
      at step (C:\Users\U108-J402\AppData\Roaming\npm\node_modules\yarn\lib\cli.js:98:30)
      at C:\Users\U108-J402\AppData\Roaming\npm\node_modules\yarn\lib\cli.js:109:13
      at <anonymous>

npm manifest: 
  {
    "requires": true,
    "lockfileVersion": 1,
    "dependencies": {
      "ajv": {
        "integrity": "sha1-c7Xuyj+rZT49P5Qis0GtQiBdyWU=",
        "requires": {
          "co": "4.6.0",
          "fast-deep-equal": "1.1.0",
          "fast-json-stable-stringify": "2.0.0",
          "json-schema-traverse": "0.3.1"
        },
        "resolved": "https://registry.npmjs.org/ajv/-/ajv-5.5.2.tgz",
        "version": "5.5.2"
      },
      "ansi-regex": {
        "integrity": "sha1-w7M6te42DYbg5ijwRorn7yfWVN8=",
        "resolved": "https://registry.npmjs.org/ansi-regex/-/ansi-regex-2.1.1.tgz",
        "version": "2.1.1"
      },
      "ansi-styles": {
        "integrity": "sha1-tDLdM1i2NM914eRmQ2gkBTPB3b4=",
        "resolved": "https://registry.npmjs.org/ansi-styles/-/ansi-styles-2.2.1.tgz",
        "version": "2.2.1"
      },
      "asn1": {
        "integrity": "sha1-2sh4dxPJlmhJ/IGAd36+nB3fO4Y=",
        "resolved": "https://registry.npmjs.org/asn1/-/asn1-0.2.3.tgz",
        "version": "0.2.3"
      },
      "assert-plus": {
        "integrity": "sha1-8S4PPF13sLHN2RRpQuTpbB5N1SU=",
        "resolved": "https://registry.npmjs.org/assert-plus/-/assert-plus-1.0.0.tgz",
        "version": "1.0.0"
      },
      "async": {
        "dependencies": {
          "lodash": {
            "integrity": "sha512-UejweD1pDoXu+AD825lWwp4ZGtSwgnpZxb3JDViD7StjQz+Nb/6l093lx4OQ0foGWNRoc19mWy7BzL+UAK2iVg==",
            "resolved": "https://registry.npmjs.org/lodash/-/lodash-4.17.10.tgz",
            "version": "4.17.10"
          }
        },
        "integrity": "sha512-fNEiL2+AZt6AlAw/29Cr0UDe4sRAHCpEHh54WMz+Bb7QfNcFw4h3loofyJpLeQs4Yx7yuqu/2dLgM5hKOs6HlQ==",
        "requires": {
          "lodash": "4.17.10"
        },
        "resolved": "https://registry.npmjs.org/async/-/async-2.6.1.tgz",
        "version": "2.6.1"
      },
      "asynckit": {
        "integrity": "sha1-x57Zf380y48robyXkLzDZkdLS3k=",
        "resolved": "https://registry.npmjs.org/asynckit/-/asynckit-0.4.0.tgz",
        "version": "0.4.0"
      },
      "aws-sign2": {
        "integrity": "sha1-tG6JCTSpWR8tL2+G1+ap8bP+dqg=",
        "resolved": "https://registry.npmjs.org/aws-sign2/-/aws-sign2-0.7.0.tgz",
        "version": "0.7.0"
      },
      "aws4": {
        "integrity": "sha512-32NDda82rhwD9/JBCCkB+MRYDp0oSvlo2IL6rQWA10PQi7tDUM3eqMSltXmY+Oyl/7N3P3qNtAlv7X0d9bI28w==",
        "resolved": "https://registry.npmjs.org/aws4/-/aws4-1.7.0.tgz",
        "version": "1.7.0"
      },
      "bcrypt-pbkdf": {
        "integrity": "sha1-Y7xdy2EzG5K8Bf1SiVPDNGKgb40=",
        "requires": {
          "tweetnacl": "0.14.5"
        },
        "resolved": "https://registry.npmjs.org/bcrypt-pbkdf/-/bcrypt-pbkdf-1.0.1.tgz",
        "version": "1.0.1"
      },
      "bl": {
        "dependencies": {
          "isarray": {
            "integrity": "sha1-u5NdSFgsuhaMBoNJV6VKPgcSTxE=",
            "resolved": "https://registry.npmjs.org/isarray/-/isarray-1.0.0.tgz",
            "version": "1.0.0"
          },
          "readable-stream": {
            "integrity": "sha1-j5A0HmilPMySh4jaz80Rs265t44=",
            "requires": {
              "core-util-is": "1.0.2",
              "inherits": "2.0.3",
              "isarray": "1.0.0",
              "process-nextick-args": "1.0.7",
              "string_decoder": "0.10.31",
              "util-deprecate": "1.0.2"
            },
            "resolved": "https://registry.npmjs.org/readable-stream/-/readable-stream-2.0.6.tgz",
            "version": "2.0.6"
          }
        },
        "integrity": "sha1-/cqHGplxOqANGeO7ukHER4emU5g=",
        "requires": {
          "readable-stream": "2.0.6"
        },
        "resolved": "https://registry.npmjs.org/bl/-/bl-1.1.2.tgz",
        "version": "1.1.2"
      },
      "bluebird": {
        "integrity": "sha1-U0uQM8AiyVecVro7Plpcqvu2UOE=",
        "resolved": "https://registry.npmjs.org/bluebird/-/bluebird-2.11.0.tgz",
        "version": "2.11.0"
      },
      "boolbase": {
        "integrity": "sha1-aN/1++YMUes3cl6p4+0xDcwed24=",
        "resolved": "https://registry.npmjs.org/boolbase/-/boolbase-1.0.0.tgz",
        "version": "1.0.0"
      },
      "boom": {
        "integrity": "sha1-T4owBctKfjiJ90kDD9JbluAdLjE=",
        "requires": {
          "hoek": "4.2.1"
        },
        "resolved": "https://registry.npmjs.org/boom/-/boom-4.3.1.tgz",
        "version": "4.3.1"
      },
      "bottleneckp": {
        "integrity": "sha1-zU9hykhHzmOevL3LGUic7qkBaLU=",
        "resolved": "https://registry.npmjs.org/bottleneckp/-/bottleneckp-1.1.0.tgz",
        "version": "1.1.0"
      },
      "bson": {
        "integrity": "sha512-D8zmlb46xfuK2gGvKmUjIklQEouN2nQ0LEHHeZ/NoHM2LDiMk2EYzZ5Ntw/Urk+bgMDosOZxaRzXxvhI5TcAVQ==",
        "resolved": "https://registry.npmjs.org/bson/-/bson-1.0.6.tgz",
        "version": "1.0.6"
      },
      "buffer-shims": {
        "integrity": "sha1-mXjOMXOIxkmth5MCjDR37wRKi1E=",
        "resolved": "https://registry.npmjs.org/buffer-shims/-/buffer-shims-1.0.0.tgz",
        "version": "1.0.0"
      },
      "caseless": {
        "integrity": "sha1-G2gcIf+EAzyCZUMJBolCDRhxUdw=",
        "resolved": "https://registry.npmjs.org/caseless/-/caseless-0.12.0.tgz",
        "version": "0.12.0"
      },
      "cezerin-client": "^0.31.1",
      "chalk": {
        "integrity": "sha1-qBFcVeSnAv5NFQq9OHKCKn4J/Jg=",
        "requires": {
          "ansi-styles": "2.2.1",
          "escape-string-regexp": "1.0.5",
          "has-ansi": "2.0.0",
          "strip-ansi": "3.0.1",
          "supports-color": "2.0.0"
        },
        "resolved": "https://registry.npmjs.org/chalk/-/chalk-1.1.3.tgz",
        "version": "1.1.3"
      },
      "charset-parser": {
        "integrity": "sha1-IwkBCI9fbLFlmotaqtJXLbenW2s=",
        "resolved": "https://registry.npmjs.org/charset-parser/-/charset-parser-0.2.0.tgz",
        "version": "0.2.0"
      },
      "cheerio": {
        "integrity": "sha1-dy5wFfLuKZZQltcepBdbdas1SSU=",
        "requires": {
          "css-select": "1.0.0",
          "dom-serializer": "0.1.0",
          "entities": "1.1.1",
          "htmlparser2": "3.8.3",
          "lodash": "3.8.0"
        },
        "resolved": "https://registry.npmjs.org/cheerio/-/cheerio-0.19.0.tgz",
        "version": "0.19.0"
      },
      "cheerio-tableparser": {
        "integrity": "sha1-5VrS3LU2G4wyOmy7jAzUbjy98c0=",
        "resolved": "https://registry.npmjs.org/cheerio-tableparser/-/cheerio-tableparser-1.0.1.tgz",
        "version": "1.0.1"
      },
      "co": {
        "integrity": "sha1-bqa989hTrlTMuOR7+gvz+QMfsYQ=",
        "resolved": "https://registry.npmjs.org/co/-/co-4.6.0.tgz",
        "version": "4.6.0"
      },
      "combined-stream": {
        "integrity": "sha1-cj599ugBrFYTETp+RFqbactjKBg=",
        "requires": {
          "delayed-stream": "1.0.0"
        },
        "resolved": "https://registry.npmjs.org/combined-stream/-/combined-stream-1.0.6.tgz",
        "version": "1.0.6"
      },
      "commander": {
        "integrity": "sha512-VlfT9F3V0v+jr4yxPc5gg9s62/fIVWsd2Bk2iD435um1NlGMYdVCq+MjcXnhYq2icNOizHr1kK+5TI6H0Hy0ag==",
        "resolved": "https://registry.npmjs.org/commander/-/commander-2.15.1.tgz",
        "version": "2.15.1"
      },
      "core-util-is": {
        "integrity": "sha1-tf1UIgqivFq1eqtxQMlAdUUDwac=",
        "resolved": "https://registry.npmjs.org/core-util-is/-/core-util-is-1.0.2.tgz",
        "version": "1.0.2"
      },
      "cryptiles": {
        "dependencies": {
          "boom": {
            "integrity": "sha512-Z5BTk6ZRe4tXXQlkqftmsAUANpXmuwlsF5Oov8ThoMbQRzdGTA1ngYRW160GexgOgjsFOKJz0LYhoNi+2AMBUw==",
            "requires": {
              "hoek": "4.2.1"
            },
            "resolved": "https://registry.npmjs.org/boom/-/boom-5.2.0.tgz",
            "version": "5.2.0"
          }
        },
        "integrity": "sha1-qJ+7Ig9c4l7FboxKqKT9e1sNKf4=",
        "requires": {
          "boom": "5.2.0"
        },
        "resolved": "https://registry.npmjs.org/cryptiles/-/cryptiles-3.1.2.tgz",
        "version": "3.1.2"
      },
      "css-select": {
        "integrity": "sha1-sRIcpRhI3SZOIkTQWM7iVN7rRLA=",
        "requires": {
          "boolbase": "1.0.0",
          "css-what": "1.0.0",
          "domutils": "1.4.3",
          "nth-check": "1.0.1"
        },
        "resolved": "https://registry.npmjs.org/css-select/-/css-select-1.0.0.tgz",
        "version": "1.0.0"
      },
      "css-what": {
        "integrity": "sha1-18wt9FGAZm+Z0rFEYmOUaeAPc2w=",
        "resolved": "https://registry.npmjs.org/css-what/-/css-what-1.0.0.tgz",
        "version": "1.0.0"
      },
      "dashdash": {
        "integrity": "sha1-hTz6D3y+L+1d4gMmuN1YEDX24vA=",
        "requires": {
          "assert-plus": "1.0.0"
        },
        "resolved": "https://registry.npmjs.org/dashdash/-/dashdash-1.14.1.tgz",
        "version": "1.14.1"
      },
      "debug": {
        "integrity": "sha512-bC7ElrdJaJnPbAP+1EotYvqZsb3ecl5wi6Bfi6BJTUcNowp6cvspg0jXznRTKDjm/E7AdgFBVeAPVMNcKGsHMA==",
        "requires": {
          "ms": "2.0.0"
        },
        "resolved": "https://registry.npmjs.org/debug/-/debug-2.6.9.tgz",
        "version": "2.6.9"
      },
      "decode-uri-component": {
        "integrity": "sha1-6zkTMzRYd1y4TNGh+uBiEGu4dUU=",
        "resolved": "https://registry.npmjs.org/decode-uri-component/-/decode-uri-component-0.2.0.tgz",
        "version": "0.2.0"
      },
      "delayed-stream": {
        "integrity": "sha1-3zrhmayt+31ECqrgsp4icrJOxhk=",
        "resolved": "https://registry.npmjs.org/delayed-stream/-/delayed-stream-1.0.0.tgz",
        "version": "1.0.0"
      },
      "dom-serializer": {
        "dependencies": {
          "domelementtype": {
            "integrity": "sha1-vSh3PiZCiBrsUVRJJCmcXNgiGFs=",
            "resolved": "https://registry.npmjs.org/domelementtype/-/domelementtype-1.1.3.tgz",
            "version": "1.1.3"
          }
        },
        "integrity": "sha1-BzxpdUbOB4DOI75KKOKT5AvDDII=",
        "requires": {
          "domelementtype": "1.1.3",
          "entities": "1.1.1"
        },
        "resolved": "https://registry.npmjs.org/dom-serializer/-/dom-serializer-0.1.0.tgz",
        "version": "0.1.0"
      },
      "domelementtype": {
        "integrity": "sha1-sXrtguirWeUt2cGbF1bg/BhyBMI=",
        "resolved": "https://registry.npmjs.org/domelementtype/-/domelementtype-1.3.0.tgz",
        "version": "1.3.0"
      },
      "domhandler": {
        "integrity": "sha1-LeWaCCLVAn+r/28DLCsloqir5zg=",
        "requires": {
          "domelementtype": "1.3.0"
        },
        "resolved": "https://registry.npmjs.org/domhandler/-/domhandler-2.3.0.tgz",
        "version": "2.3.0"
      },
      "domutils": {
        "integrity": "sha1-CGVRN5bGswYDGFDhdVFrr4C3Km8=",
        "requires": {
          "domelementtype": "1.3.0"
        },
        "resolved": "https://registry.npmjs.org/domutils/-/domutils-1.4.3.tgz",
        "version": "1.4.3"
      },
      "double-ended-queue": {
        "integrity": "sha1-ED01J/0xUo9AGIEwyEHv3XgmTlw=",
        "resolved": "https://registry.npmjs.org/double-ended-queue/-/double-ended-queue-2.1.0-0.tgz",
        "version": "2.1.0-0"
      },
      "ecc-jsbn": {
        "integrity": "sha1-D8c6ntXw1Tw4GTOYUj735UN3dQU=",
        "requires": {
          "jsbn": "0.1.1"
        },
        "resolved": "https://registry.npmjs.org/ecc-jsbn/-/ecc-jsbn-0.1.1.tgz",
        "version": "0.1.1"
      },
      "encoding": {
        "integrity": "sha1-U4tm8+5izRq1HsMjgp0flIDHS+s=",
        "requires": {
          "iconv-lite": "0.4.23"
        },
        "resolved": "https://registry.npmjs.org/encoding/-/encoding-0.1.12.tgz",
        "version": "0.1.12"
      },
      "entities": {
        "integrity": "sha1-blwtClYhtdra7O+AuQ7ftc13cvA=",
        "resolved": "https://registry.npmjs.org/entities/-/entities-1.1.1.tgz",
        "version": "1.1.1"
      },
      "es6-promise": {
        "integrity": "sha1-7FYjOGgDKQkgcXDDlEjiREndH8Q=",
        "resolved": "https://registry.npmjs.org/es6-promise/-/es6-promise-3.2.1.tgz",
        "version": "3.2.1"
      },
      "escape-string-regexp": {
        "integrity": "sha1-G2HAViGQqN/2rjuyzwIAyhMLhtQ=",
        "resolved": "https://registry.npmjs.org/escape-string-regexp/-/escape-string-regexp-1.0.5.tgz",
        "version": "1.0.5"
      },
      "extend": {
        "integrity": "sha1-p1Xqe8Gt/MWjHOfnYtuq3F5jZEQ=",
        "resolved": "https://registry.npmjs.org/extend/-/extend-3.0.1.tgz",
        "version": "3.0.1"
      },
      "extsprintf": {
        "integrity": "sha1-lpGEQOMEGnpBT4xS48V06zw+HgU=",
        "resolved": "https://registry.npmjs.org/extsprintf/-/extsprintf-1.3.0.tgz",
        "version": "1.3.0"
      },
      "fast-deep-equal": {
        "integrity": "sha1-wFNHeBfIa1HaqFPIHgWbcz0CNhQ=",
        "resolved": "https://registry.npmjs.org/fast-deep-equal/-/fast-deep-equal-1.1.0.tgz",
        "version": "1.1.0"
      },
      "fast-json-stable-stringify": {
        "integrity": "sha1-1RQsDK7msRifh9OnYREGT4bIu/I=",
        "resolved": "https://registry.npmjs.org/fast-json-stable-stringify/-/fast-json-stable-stringify-2.0.0.tgz",
        "version": "2.0.0"
      },
      "flexbuffer": {
        "integrity": "sha1-A5/fI/iCPkQMOPMnfm/vEXQhWzA=",
        "resolved": "https://registry.npmjs.org/flexbuffer/-/flexbuffer-0.0.6.tgz",
        "version": "0.0.6"
      },
      "forever-agent": {
        "integrity": "sha1-+8cfDEGt6zf5bFd60e1C2P2sypE=",
        "resolved": "https://registry.npmjs.org/forever-agent/-/forever-agent-0.6.1.tgz",
        "version": "0.6.1"
      },
      "form-data": {
        "integrity": "sha1-SXBJi+YEwgwAXU9cI67NIda0kJk=",
        "requires": {
          "asynckit": "0.4.0",
          "combined-stream": "1.0.6",
          "mime-types": "2.1.18"
        },
        "resolved": "https://registry.npmjs.org/form-data/-/form-data-2.3.2.tgz",
        "version": "2.3.2"
      },
      "fs": {
        "integrity": "sha1-invTcYa23d84E/I4WLV+yq9eQdQ=",
        "resolved": "https://registry.npmjs.org/fs/-/fs-0.0.1-security.tgz",
        "version": "0.0.1-security"
      },
      "generate-function": {
        "integrity": "sha1-aFj+fAlpt9TpCTM3ZHrHn2DfvnQ=",
        "resolved": "https://registry.npmjs.org/generate-function/-/generate-function-2.0.0.tgz",
        "version": "2.0.0"
      },
      "generate-object-property": {
        "integrity": "sha1-nA4cQDCM6AT0eDYYuTf6iPmdUNA=",
        "requires": {
          "is-property": "1.0.2"
        },
        "resolved": "https://registry.npmjs.org/generate-object-property/-/generate-object-property-1.2.0.tgz",
        "version": "1.2.0"
      },
      "generic-pool": {
        "integrity": "sha1-i0ZcGnWI6p3SuxM72gu2a/74pj4=",
        "resolved": "https://registry.npmjs.org/generic-pool/-/generic-pool-2.2.0.tgz",
        "version": "2.2.0"
      },
      "getpass": {
        "integrity": "sha1-Xv+OPmhNVprkyysSgmBOi6YhSfo=",
        "requires": {
          "assert-plus": "1.0.0"
        },
        "resolved": "https://registry.npmjs.org/getpass/-/getpass-0.1.7.tgz",
        "version": "0.1.7"
      },
      "har-schema": {
        "integrity": "sha1-qUwiJOvKwEeCoNkDVSHyRzW37JI=",
        "resolved": "https://registry.npmjs.org/har-schema/-/har-schema-2.0.0.tgz",
        "version": "2.0.0"
      },
      "har-validator": {
        "integrity": "sha1-ukAsJmGU8VlW7xXg/PJCmT9qff0=",
        "requires": {
          "ajv": "5.5.2",
          "har-schema": "2.0.0"
        },
        "resolved": "https://registry.npmjs.org/har-validator/-/har-validator-5.0.3.tgz",
        "version": "5.0.3"
      },
      "has-ansi": {
        "integrity": "sha1-NPUEnOHs3ysGSa8+8k5F7TVBbZE=",
        "requires": {
          "ansi-regex": "2.1.1"
        },
        "resolved": "https://registry.npmjs.org/has-ansi/-/has-ansi-2.0.0.tgz",
        "version": "2.0.0"
      },
      "hawk": {
        "integrity": "sha512-miowhl2+U7Qle4vdLqDdPt9m09K6yZhkLDTWGoUiUzrQCn+mHHSmfJgAyGaLRZbPmTqfFFjRV1QWCW0VWUJBbQ==",
        "requires": {
          "boom": "4.3.1",
          "cryptiles": "3.1.2",
          "hoek": "4.2.1",
          "sntp": "2.1.0"
        },
        "resolved": "https://registry.npmjs.org/hawk/-/hawk-6.0.2.tgz",
        "version": "6.0.2"
      },
      "hoek": {
        "integrity": "sha512-QLg82fGkfnJ/4iy1xZ81/9SIJiq1NGFUMGs6ParyjBZr6jW2Ufj/snDqTHixNlHdPNwN2RLVD0Pi3igeK9+JfA==",
        "resolved": "https://registry.npmjs.org/hoek/-/hoek-4.2.1.tgz",
        "version": "4.2.1"
      },
      "htmlparser2": {
        "dependencies": {
          "domutils": {
            "integrity": "sha1-3NhIiib1Y9YQeeSMn3t+Mjc2gs8=",
            "requires": {
              "dom-serializer": "0.1.0",
              "domelementtype": "1.3.0"
            },
            "resolved": "https://registry.npmjs.org/domutils/-/domutils-1.5.1.tgz",
            "version": "1.5.1"
          },
          "entities": {
            "integrity": "sha1-sph6o4ITR/zeZCsk/fyeT7cSvyY=",
            "resolved": "https://registry.npmjs.org/entities/-/entities-1.0.0.tgz",
            "version": "1.0.0"
          }
        },
        "integrity": "sha1-mWwosZFRaovoZQGn15dX5ccMEGg=",
        "requires": {
          "domelementtype": "1.3.0",
          "domhandler": "2.3.0",
          "domutils": "1.5.1",
          "entities": "1.0.0",
          "readable-stream": "1.1.14"
        },
        "resolved": "https://registry.npmjs.org/htmlparser2/-/htmlparser2-3.8.3.tgz",
        "version": "3.8.3"
      },
      "http": {
        "integrity": "sha1-huYybSnF0Dnen6xYSkVon5KfT3I=",
        "resolved": "https://registry.npmjs.org/http/-/http-0.0.0.tgz",
        "version": "0.0.0"
      },
      "http-signature": {
        "integrity": "sha1-muzZJRFHcvPZW2WmCruPfBj7rOE=",
        "requires": {
          "assert-plus": "1.0.0",
          "jsprim": "1.4.1",
          "sshpk": "1.14.1"
        },
        "resolved": "https://registry.npmjs.org/http-signature/-/http-signature-1.2.0.tgz",
        "version": "1.2.0"
      },
      "iconv": {
        "integrity": "sha512-eu9senpOZ7wzNweLX09jtrCdmEiie8Z5/iMxdIq3i7tkgg562EwKSU9yjXMz8ncaQ0B+845vbqAz+1kPFXzbtQ==",
        "requires": {
          "nan": "2.10.0"
        },
        "resolved": "https://registry.npmjs.org/iconv/-/iconv-2.3.0.tgz",
        "version": "2.3.0"
      },
      "iconv-lite": {
        "integrity": "sha512-neyTUVFtahjf0mB3dZT77u+8O0QB89jFdnBkd5P1JgYPbPaia3gXXOVL2fq8VyU2gMMD7SaN7QukTB/pmXYvDA==",
        "requires": {
          "safer-buffer": "2.1.2"
        },
        "resolved": "https://registry.npmjs.org/iconv-lite/-/iconv-lite-0.4.23.tgz",
        "version": "0.4.23"
      },
      "inherits": {
        "integrity": "sha1-Yzwsg+PaQqUC9SRmAiSA9CCCYd4=",
        "resolved": "https://registry.npmjs.org/inherits/-/inherits-2.0.3.tgz",
        "version": "2.0.3"
      },
      "ioredis": {
        "integrity": "sha1-UlJVzM1Ve904oO00ZhmfWesLnRw=",
        "requires": {
          "bluebird": "2.11.0",
          "debug": "2.6.9",
          "double-ended-queue": "2.1.0-0",
          "flexbuffer": "0.0.6",
          "lodash": "3.8.0"
        },
        "resolved": "https://registry.npmjs.org/ioredis/-/ioredis-1.15.1.tgz",
        "version": "1.15.1"
      },
      "is-my-ip-valid": {
        "integrity": "sha512-gmh/eWXROncUzRnIa1Ubrt5b8ep/MGSnfAUI3aRp+sqTCs1tv1Isl8d8F6JmkN3dXKc3ehZMrtiPN9eL03NuaQ==",
        "resolved": "https://registry.npmjs.org/is-my-ip-valid/-/is-my-ip-valid-1.0.0.tgz",
        "version": "1.0.0"
      },
      "is-my-json-valid": {
        "integrity": "sha512-IBhBslgngMQN8DDSppmgDv7RNrlFotuuDsKcrCP3+HbFaVivIBU7u9oiiErw8sH4ynx3+gOGQ3q2otkgiSi6kg==",
        "requires": {
          "generate-function": "2.0.0",
          "generate-object-property": "1.2.0",
          "is-my-ip-valid": "1.0.0",
          "jsonpointer": "4.0.1",
          "xtend": "4.0.1"
        },
        "resolved": "https://registry.npmjs.org/is-my-json-valid/-/is-my-json-valid-2.17.2.tgz",
        "version": "2.17.2"
      },
      "is-property": {
        "integrity": "sha1-V/4cTkhHTt1lsJkR8msc1Ald2oQ=",
        "resolved": "https://registry.npmjs.org/is-property/-/is-property-1.0.2.tgz",
        "version": "1.0.2"
      },
      "is-stream": {
        "integrity": "sha1-EtSj3U5o4Lec6428hBc66A2RykQ=",
        "resolved": "https://registry.npmjs.org/is-stream/-/is-stream-1.1.0.tgz",
        "version": "1.1.0"
      },
      "is-typedarray": {
        "integrity": "sha1-5HnICFjfDBsR3dppQPlgEfzaSpo=",
        "resolved": "https://registry.npmjs.org/is-typedarray/-/is-typedarray-1.0.0.tgz",
        "version": "1.0.0"
      },
      "isarray": {
        "integrity": "sha1-ihis/Kmo9Bd+Cav8YDiTmwXR7t8=",
        "resolved": "https://registry.npmjs.org/isarray/-/isarray-0.0.1.tgz",
        "version": "0.0.1"
      },
      "isomorphic-fetch": "^2.2.1",
      "isstream": {
        "integrity": "sha1-R+Y/evVa+m+S4VAOaQ64uFKcCZo=",
        "resolved": "https://registry.npmjs.org/isstream/-/isstream-0.1.2.tgz",
        "version": "0.1.2"
      },
      "jsbn": {
        "integrity": "sha1-peZUwuWi3rXyAdls77yoDA7y9RM=",
        "resolved": "https://registry.npmjs.org/jsbn/-/jsbn-0.1.1.tgz",
        "version": "0.1.1"
      },
      "json-schema": {
        "integrity": "sha1-tIDIkuWaLwWVTOcnvT8qTogvnhM=",
        "resolved": "https://registry.npmjs.org/json-schema/-/json-schema-0.2.3.tgz",
        "version": "0.2.3"
      },
      "json-schema-traverse": {
        "integrity": "sha1-NJptRMU6Ud6JtAgFxdXlm0F9M0A=",
        "resolved": "https://registry.npmjs.org/json-schema-traverse/-/json-schema-traverse-0.3.1.tgz",
        "version": "0.3.1"
      },
      "json-stringify-safe": {
        "integrity": "sha1-Epai1Y/UXxmg9s4B1lcB4sc1tus=",
        "resolved": "https://registry.npmjs.org/json-stringify-safe/-/json-stringify-safe-5.0.1.tgz",
        "version": "5.0.1"
      },
      "jsonpointer": {
        "integrity": "sha1-T9kss04OnbPInIYi7PUfm5eMbLk=",
        "resolved": "https://registry.npmjs.org/jsonpointer/-/jsonpointer-4.0.1.tgz",
        "version": "4.0.1"
      },
      "jsprim": {
        "integrity": "sha1-MT5mvB5cwG5Di8G3SZwuXFastqI=",
        "requires": {
          "assert-plus": "1.0.0",
          "extsprintf": "1.3.0",
          "json-schema": "0.2.3",
          "verror": "1.10.0"
        },
        "resolved": "https://registry.npmjs.org/jsprim/-/jsprim-1.4.1.tgz",
        "version": "1.4.1"
      },
      "lodash": {
        "integrity": "sha1-N265i9zZOCqTZcM8TLglDeEyW5E=",
        "resolved": "https://registry.npmjs.org/lodash/-/lodash-3.8.0.tgz",
        "version": "3.8.0"
      },
      "mime-db": {
        "integrity": "sha512-BHJ/EKruNIqJf/QahvxwQZXKygOQ256myeN/Ew+THcAa5q+PjyTTMMeNQC4DZw5AwfvelsUrA6B67NKMqXDbzQ==",
        "resolved": "https://registry.npmjs.org/mime-db/-/mime-db-1.33.0.tgz",
        "version": "1.33.0"
      },
      "mime-types": {
        "integrity": "sha512-lc/aahn+t4/SWV/qcmumYjymLsWfN3ELhpmVuUFjgsORruuZPVSwAQryq+HHGvO/SI2KVX26bx+En+zhM8g8hQ==",
        "requires": {
          "mime-db": "1.33.0"
        },
        "resolved": "https://registry.npmjs.org/mime-types/-/mime-types-2.1.18.tgz",
        "version": "2.1.18"
      },
      "mongodb": {
        "dependencies": {
          "isarray": {
            "integrity": "sha1-u5NdSFgsuhaMBoNJV6VKPgcSTxE=",
            "resolved": "https://registry.npmjs.org/isarray/-/isarray-1.0.0.tgz",
            "version": "1.0.0"
          },
          "readable-stream": {
            "integrity": "sha1-BwV6y+JGeyIELTb5jFrVBwVOlbE=",
            "requires": {
              "buffer-shims": "1.0.0",
              "core-util-is": "1.0.2",
              "inherits": "2.0.3",
              "isarray": "1.0.0",
              "process-nextick-args": "1.0.7",
              "string_decoder": "1.0.3",
              "util-deprecate": "1.0.2"
            },
            "resolved": "https://registry.npmjs.org/readable-stream/-/readable-stream-2.2.7.tgz",
            "version": "2.2.7"
          },
          "string_decoder": {
            "integrity": "sha512-4AH6Z5fzNNBcH+6XDMfA/BTt87skxqJlO0lAh3Dker5zThcAxG6mKz+iGu308UKoPPQ8Dcqx/4JhujzltRa+hQ==",
            "requires": {
              "safe-buffer": "5.1.2"
            },
            "resolved": "https://registry.npmjs.org/string_decoder/-/string_decoder-1.0.3.tgz",
            "version": "1.0.3"
          }
        },
        "integrity": "sha512-3HGLucDg/8EeYMin3k+nFWChTA85hcYDCw1lPsWR6yV9A6RgKb24BkLiZ9ySZR+S0nfBjWoIUS7cyV6ceGx5Gg==",
        "requires": {
          "es6-promise": "3.2.1",
          "mongodb-core": "2.1.19",
          "readable-stream": "2.2.7"
        },
        "resolved": "https://registry.npmjs.org/mongodb/-/mongodb-2.2.35.tgz",
        "version": "2.2.35"
      },
      "mongodb-core": {
        "integrity": "sha512-Jt4AtWUkpuW03kRdYGxga4O65O1UHlFfvvInslEfLlGi+zDMxbBe3J2NVmN9qPJ957Mn6Iz0UpMtV80cmxCVxw==",
        "requires": {
          "bson": "1.0.6",
          "require_optional": "1.0.1"
        },
        "resolved": "https://registry.npmjs.org/mongodb-core/-/mongodb-core-2.1.19.tgz",
        "version": "2.1.19"
      },
      "ms": {
        "integrity": "sha1-VgiurfwAvmwpAd9fmGF4jeDVl8g=",
        "resolved": "https://registry.npmjs.org/ms/-/ms-2.0.0.tgz",
        "version": "2.0.0"
      },
      "nan": {
        "integrity": "sha512-bAdJv7fBLhWC+/Bls0Oza+mvTaNQtP+1RyhhhvD95pgUJz6XM5IzgmxOkItJ9tkoCiplvAnXI1tNmmUD/eScyA==",
        "resolved": "https://registry.npmjs.org/nan/-/nan-2.10.0.tgz",
        "version": "2.10.0"
      },
      "node-fetch": {
        "integrity": "sha512-NhZ4CsKx7cYm2vSrBAr2PvFOe6sWDf0UYLRqA6svUYg7+/TSfVAu49jYC4BvQ4Sms9SZgdqGBgroqfDhJdTyKQ==",
        "requires": {
          "encoding": "0.1.12",
          "is-stream": "1.1.0"
        },
        "resolved": "https://registry.npmjs.org/node-fetch/-/node-fetch-1.7.3.tgz",
        "version": "1.7.3"
      },
      "node-url-utils": {
        "integrity": "sha1-4qEOfdqq4FEiNGTMewPSHulcrxU=",
        "resolved": "https://registry.npmjs.org/node-url-utils/-/node-url-utils-0.4.0.tgz",
        "version": "0.4.0"
      },
      "node-webcrawler": {
        "dependencies": {
          "assert-plus": {
            "integrity": "sha1-104bh+ev/A24qttwIfP+SBAasjQ=",
            "resolved": "https://registry.npmjs.org/assert-plus/-/assert-plus-0.2.0.tgz",
            "version": "0.2.0"
          },
          "aws-sign2": {
            "integrity": "sha1-FDQt0428yU0OW4fXY81jYSwOeU8=",
            "resolved": "https://registry.npmjs.org/aws-sign2/-/aws-sign2-0.6.0.tgz",
            "version": "0.6.0"
          },
          "boom": {
            "integrity": "sha1-OciRjO/1eZ+D+UkqhI9iWt0Mdm8=",
            "requires": {
              "hoek": "2.16.3"
            },
            "resolved": "https://registry.npmjs.org/boom/-/boom-2.10.1.tgz",
            "version": "2.10.1"
          },
          "caseless": {
            "integrity": "sha1-cVuW6phBWTzDMGeSP17GDr2k99c=",
            "resolved": "https://registry.npmjs.org/caseless/-/caseless-0.11.0.tgz",
            "version": "0.11.0"
          },
          "cryptiles": {
            "integrity": "sha1-O9/s3GCBR8HGcgL6KR59ylnqo7g=",
            "requires": {
              "boom": "2.10.1"
            },
            "resolved": "https://registry.npmjs.org/cryptiles/-/cryptiles-2.0.5.tgz",
            "version": "2.0.5"
          },
          "form-data": {
            "integrity": "sha1-rjFduaSQf6BlUCMEpm13M0de43w=",
            "requires": {
              "async": "2.6.1",
              "combined-stream": "1.0.6",
              "mime-types": "2.1.18"
            },
            "resolved": "https://registry.npmjs.org/form-data/-/form-data-1.0.1.tgz",
            "version": "1.0.1"
          },
          "har-validator": {
            "integrity": "sha1-zcvAgYgmWtEZtqWnyKtw7s+10n0=",
            "requires": {
              "chalk": "1.1.3",
              "commander": "2.15.1",
              "is-my-json-valid": "2.17.2",
              "pinkie-promise": "2.0.1"
            },
            "resolved": "https://registry.npmjs.org/har-validator/-/har-validator-2.0.6.tgz",
            "version": "2.0.6"
          },
          "hawk": {
            "integrity": "sha1-B4REvXwWQLD+VA0sm3PVlnjo4cQ=",
            "requires": {
              "boom": "2.10.1",
              "cryptiles": "2.0.5",
              "hoek": "2.16.3",
              "sntp": "1.0.9"
            },
            "resolved": "https://registry.npmjs.org/hawk/-/hawk-3.1.3.tgz",
            "version": "3.1.3"
          },
          "hoek": {
            "integrity": "sha1-ILt0A9POo5jpHcRxCo/xuCdKJe0=",
            "resolved": "https://registry.npmjs.org/hoek/-/hoek-2.16.3.tgz",
            "version": "2.16.3"
          },
          "http-signature": {
            "integrity": "sha1-33LiZwZs0Kxn+3at+OE0qPvPkb8=",
            "requires": {
              "assert-plus": "0.2.0",
              "jsprim": "1.4.1",
              "sshpk": "1.14.1"
            },
            "resolved": "https://registry.npmjs.org/http-signature/-/http-signature-1.1.1.tgz",
            "version": "1.1.1"
          },
          "iconv-lite": {
            "integrity": "sha1-xgGadZXyzvynAuq2lKAQvNkpjSA=",
            "resolved": "https://registry.npmjs.org/iconv-lite/-/iconv-lite-0.4.8.tgz",
            "version": "0.4.8"
          },
          "node-uuid": {
            "integrity": "sha1-sEDrCSOWivq/jTL7HxfxFn/auQc=",
            "resolved": "https://registry.npmjs.org/node-uuid/-/node-uuid-1.4.8.tgz",
            "version": "1.4.8"
          },
          "qs": {
            "integrity": "sha1-HPyyXBCpsrSDBT/zn138kjOQjP4=",
            "resolved": "https://registry.npmjs.org/qs/-/qs-6.2.3.tgz",
            "version": "6.2.3"
          },
          "request": {
            "integrity": "sha1-dpPKdou7DqXIzgjAhKRe+gW4kqs=",
            "requires": {
              "aws-sign2": "0.6.0",
              "aws4": "1.7.0",
              "bl": "1.1.2",
              "caseless": "0.11.0",
              "combined-stream": "1.0.6",
              "extend": "3.0.1",
              "forever-agent": "0.6.1",
              "form-data": "1.0.1",
              "har-validator": "2.0.6",
              "hawk": "3.1.3",
              "http-signature": "1.1.1",
              "is-typedarray": "1.0.0",
              "isstream": "0.1.2",
              "json-stringify-safe": "5.0.1",
              "mime-types": "2.1.18",
              "node-uuid": "1.4.8",
              "oauth-sign": "0.8.2",
              "qs": "6.2.3",
              "stringstream": "0.0.6",
              "tough-cookie": "2.3.4",
              "tunnel-agent": "0.4.3"
            },
            "resolved": "https://registry.npmjs.org/request/-/request-2.74.0.tgz",
            "version": "2.74.0"
          },
          "sntp": {
            "integrity": "sha1-ZUEYTMkK7qbG57NeJlkIJEPGYZg=",
            "requires": {
              "hoek": "2.16.3"
            },
            "resolved": "https://registry.npmjs.org/sntp/-/sntp-1.0.9.tgz",
            "version": "1.0.9"
          },
          "tunnel-agent": {
            "integrity": "sha1-Y3PbdpCf5XDgjXNYM2Xtgop07us=",
            "resolved": "https://registry.npmjs.org/tunnel-agent/-/tunnel-agent-0.4.3.tgz",
            "version": "0.4.3"
          }
        },
        "integrity": "sha1-O3+BNsMbNw3tyEfys4/RnvwoQ58=",
        "requires": {
          "bottleneckp": "1.1.0",
          "charset-parser": "0.2.0",
          "cheerio": "0.19.0",
          "generic-pool": "2.2.0",
          "iconv": "2.3.0",
          "iconv-lite": "0.4.8",
          "lodash": "3.8.0",
          "request": "2.74.0",
          "seenreq": "0.1.14",
          "whacko": "0.19.1"
        },
        "resolved": "https://registry.npmjs.org/node-webcrawler/-/node-webcrawler-0.8.0.tgz",
        "version": "0.8.0"
      },
      "nth-check": {
        "integrity": "sha1-mSms32KPwsQQmN6rgqxYDPFJquQ=",
        "requires": {
          "boolbase": "1.0.0"
        },
        "resolved": "https://registry.npmjs.org/nth-check/-/nth-check-1.0.1.tgz",
        "version": "1.0.1"
      },
      "oauth-sign": {
        "integrity": "sha1-Rqarfwrq2N6unsBWV4C31O/rnUM=",
        "resolved": "https://registry.npmjs.org/oauth-sign/-/oauth-sign-0.8.2.tgz",
        "version": "0.8.2"
      },
      "object-assign": {
        "integrity": "sha1-IQmtx5ZYh8/AXLvUQsrIv7s2CGM=",
        "resolved": "https://registry.npmjs.org/object-assign/-/object-assign-4.1.1.tgz",
        "version": "4.1.1"
      },
      "parse5": {
        "integrity": "sha1-m387DeMr543CQBsXVzzK8Pb1nZQ=",
        "resolved": "https://registry.npmjs.org/parse5/-/parse5-1.5.1.tgz",
        "version": "1.5.1"
      },
      "path": {
        "integrity": "sha1-1NwqUGxM4hl+tIHr/NWzbAFAsQ8=",
        "requires": {
          "process": "0.11.10",
          "util": "0.10.3"
        },
        "resolved": "https://registry.npmjs.org/path/-/path-0.12.7.tgz",
        "version": "0.12.7"
      },
      "performance-now": {
        "integrity": "sha1-Ywn04OX6kT7BxpMHrjZLSzd8nns=",
        "resolved": "https://registry.npmjs.org/performance-now/-/performance-now-2.1.0.tgz",
        "version": "2.1.0"
      },
      "pinkie": {
        "integrity": "sha1-clVrgM+g1IqXToDnckjoDtT3+HA=",
        "resolved": "https://registry.npmjs.org/pinkie/-/pinkie-2.0.4.tgz",
        "version": "2.0.4"
      },
      "pinkie-promise": {
        "integrity": "sha1-ITXW36ejWMBprJsXh3YogihFD/o=",
        "requires": {
          "pinkie": "2.0.4"
        },
        "resolved": "https://registry.npmjs.org/pinkie-promise/-/pinkie-promise-2.0.1.tgz",
        "version": "2.0.1"
      },
      "process": {
        "integrity": "sha1-czIwDoQBYb2j5podHZGn1LwW8YI=",
        "resolved": "https://registry.npmjs.org/process/-/process-0.11.10.tgz",
        "version": "0.11.10"
      },
      "process-nextick-args": {
        "integrity": "sha1-FQ4gt1ZZCtP5EJPyWk8q2L/zC6M=",
        "resolved": "https://registry.npmjs.org/process-nextick-args/-/process-nextick-args-1.0.7.tgz",
        "version": "1.0.7"
      },
      "punycode": {
        "integrity": "sha1-wNWmOycYgArY4esPpSachN1BhF4=",
        "resolved": "https://registry.npmjs.org/punycode/-/punycode-1.4.1.tgz",
        "version": "1.4.1"
      },
      "qs": {
        "integrity": "sha512-N5ZAX4/LxJmF+7wN74pUD6qAh9/wnvdQcjq9TZjevvXzSUo7bfmw91saqMjzGS2xq91/odN2dW/WOl7qQHNDGA==",
        "resolved": "https://registry.npmjs.org/qs/-/qs-6.5.2.tgz",
        "version": "6.5.2"
      },
      "readable-stream": {
        "integrity": "sha1-fPTFTvZI44EwhMY23SB54WbAgdk=",
        "requires": {
          "core-util-is": "1.0.2",
          "inherits": "2.0.3",
          "isarray": "0.0.1",
          "string_decoder": "0.10.31"
        },
        "resolved": "https://registry.npmjs.org/readable-stream/-/readable-stream-1.1.14.tgz",
        "version": "1.1.14"
      },
      "request": "^2.87.0",
      "require_optional": {
        "integrity": "sha512-qhM/y57enGWHAe3v/NcwML6a3/vfESLe/sGM2dII+gEO0BpKRUkWZow/tyloNqJyN6kXSl3RyyM8Ll5D/sJP8g==",
        "requires": {
          "resolve-from": "2.0.0",
          "semver": "5.5.0"
        },
        "resolved": "https://registry.npmjs.org/require_optional/-/require_optional-1.0.1.tgz",
        "version": "1.0.1"
      },
      "resolve-from": {
        "integrity": "sha1-lICrIOlP+h2egKgEx+oUdhGWa1c=",
        "resolved": "https://registry.npmjs.org/resolve-from/-/resolve-from-2.0.0.tgz",
        "version": "2.0.0"
      },
      "safe-buffer": {
        "integrity": "sha512-Gd2UZBJDkXlY7GbJxfsE8/nvKkUEU1G38c1siN6QP6a9PT9MmHB8GnpscSmMJSoF8LOIrt8ud/wPtojys4G6+g==",
        "resolved": "https://registry.npmjs.org/safe-buffer/-/safe-buffer-5.1.2.tgz",
        "version": "5.1.2"
      },
      "safer-buffer": {
        "integrity": "sha512-YZo3K82SD7Riyi0E1EQPojLz7kpepnSQI9IyPbHHg1XXXevb5dJI7tpyN2ADxGcQbHG7vcyRHk0cbwqcQriUtg==",
        "resolved": "https://registry.npmjs.org/safer-buffer/-/safer-buffer-2.1.2.tgz",
        "version": "2.1.2"
      },
      "seenreq": {
        "integrity": "sha1-+/GZO9mjFUnWDIW+PWIsMrZOuKA=",
        "requires": {
          "ioredis": "1.15.1",
          "mongodb": "2.2.35",
          "node-url-utils": "0.4.0",
          "utils-merge": "1.0.1"
        },
        "resolved": "https://registry.npmjs.org/seenreq/-/seenreq-0.1.14.tgz",
        "version": "0.1.14"
      },
      "semver": {
        "integrity": "sha512-4SJ3dm0WAwWy/NVeioZh5AntkdJoWKxHxcmyP622fOkgHa4z3R0TdBJICINyaSDE6uNwVc8gZr+ZinwZAH4xIA==",
        "resolved": "https://registry.npmjs.org/semver/-/semver-5.5.0.tgz",
        "version": "5.5.0"
      },
      "slug": {
        "integrity": "sha1-rwj2CKfBFRa2F3iqgA3OhMUYz9o=",
        "requires": {
          "unicode": "10.0.0"
        },
        "resolved": "https://registry.npmjs.org/slug/-/slug-0.9.1.tgz",
        "version": "0.9.1"
      },
      "slugify": {
        "integrity": "sha512-vvz+9ANt7CtdTHwJpfrsHOnGkgxky+CUPnvtzDZBZYFo/H/CdZkd5lJL7z7RqtH/x9QW/ItYYfHlcGf38CBK1w==",
        "resolved": "https://registry.npmjs.org/slugify/-/slugify-1.3.0.tgz",
        "version": "1.3.0"
      },
      "sntp": {
        "integrity": "sha512-FL1b58BDrqS3A11lJ0zEdnJ3UOKqVxawAkF3k7F0CVN7VQ34aZrV+G8BZ1WC9ZL7NyrwsW0oviwsWDgRuVYtJg==",
        "requires": {
          "hoek": "4.2.1"
        },
        "resolved": "https://registry.npmjs.org/sntp/-/sntp-2.1.0.tgz",
        "version": "2.1.0"
      },
      "sshpk": {
        "integrity": "sha1-Ew9Zde3a2WPx1W+SuaxsUfqfg+s=",
        "requires": {
          "asn1": "0.2.3",
          "assert-plus": "1.0.0",
          "bcrypt-pbkdf": "1.0.1",
          "dashdash": "1.14.1",
          "ecc-jsbn": "0.1.1",
          "getpass": "0.1.7",
          "jsbn": "0.1.1",
          "tweetnacl": "0.14.5"
        },
        "resolved": "https://registry.npmjs.org/sshpk/-/sshpk-1.14.1.tgz",
        "version": "1.14.1"
      },
      "strict-uri-encode": {
        "integrity": "sha1-J5siXfHVgrH1TmWt3UNS4Y+qBxM=",
        "resolved": "https://registry.npmjs.org/strict-uri-encode/-/strict-uri-encode-1.1.0.tgz",
        "version": "1.1.0"
      },
      "string_decoder": {
        "integrity": "sha1-YuIDvEF2bGwoyfyEMB2rHFMQ+pQ=",
        "resolved": "https://registry.npmjs.org/string_decoder/-/string_decoder-0.10.31.tgz",
        "version": "0.10.31"
      },
      "stringstream": {
        "integrity": "sha512-87GEBAkegbBcweToUrdzf3eLhWNg06FJTebl4BVJz/JgWy8CvEr9dRtX5qWphiynMSQlxxi+QqN0z5T32SLlhA==",
        "resolved": "https://registry.npmjs.org/stringstream/-/stringstream-0.0.6.tgz",
        "version": "0.0.6"
      },
      "strip-ansi": {
        "integrity": "sha1-ajhfuIU9lS1f8F0Oiq+UJ43GPc8=",
        "requires": {
          "ansi-regex": "2.1.1"
        },
        "resolved": "https://registry.npmjs.org/strip-ansi/-/strip-ansi-3.0.1.tgz",
        "version": "3.0.1"
      },
      "supports-color": {
        "integrity": "sha1-U10EXOa2Nj+kARcIRimZXp3zJMc=",
        "resolved": "https://registry.npmjs.org/supports-color/-/supports-color-2.0.0.tgz",
        "version": "2.0.0"
      },
      "tough-cookie": {
        "integrity": "sha512-TZ6TTfI5NtZnuyy/Kecv+CnoROnyXn2DN97LontgQpCwsX2XyLYCC0ENhYkehSOwAp8rTQKc/NUIF7BkQ5rKLA==",
        "requires": {
          "punycode": "1.4.1"
        },
        "resolved": "https://registry.npmjs.org/tough-cookie/-/tough-cookie-2.3.4.tgz",
        "version": "2.3.4"
      },
      "tunnel-agent": {
        "integrity": "sha1-J6XeoGs2sEoKmWZ3SykIaPD8QP0=",
        "requires": {
          "safe-buffer": "5.1.2"
        },
        "resolved": "https://registry.npmjs.org/tunnel-agent/-/tunnel-agent-0.6.0.tgz",
        "version": "0.6.0"
      },
      "tweetnacl": {
        "integrity": "sha1-WuaBd/GS1EViadEIr6k/+HQ/T2Q=",
        "resolved": "https://registry.npmjs.org/tweetnacl/-/tweetnacl-0.14.5.tgz",
        "version": "0.14.5"
      },
      "unicode": {
        "integrity": "sha1-5dUcHbk7bHGguHngsMSvfm/faI4=",
        "resolved": "https://registry.npmjs.org/unicode/-/unicode-10.0.0.tgz",
        "version": "10.0.0"
      },
      "util": {
        "dependencies": {
          "inherits": {
            "integrity": "sha1-sX0I0ya0Qj5Wjv9xn5GwscvfafE=",
            "resolved": "https://registry.npmjs.org/inherits/-/inherits-2.0.1.tgz",
            "version": "2.0.1"
          }
        },
        "integrity": "sha1-evsa/lCAUkZInj23/g7TeTNqwPk=",
        "requires": {
          "inherits": "2.0.1"
        },
        "resolved": "https://registry.npmjs.org/util/-/util-0.10.3.tgz",
        "version": "0.10.3"
      },
      "util-deprecate": {
        "integrity": "sha1-RQ1Nyfpw3nMnYvvS1KKJgUGaDM8=",
        "resolved": "https://registry.npmjs.org/util-deprecate/-/util-deprecate-1.0.2.tgz",
        "version": "1.0.2"
      },
      "utils-merge": {
        "integrity": "sha1-n5VxD1CiZ5R7LMwSR0HBAoQn5xM=",
        "resolved": "https://registry.npmjs.org/utils-merge/-/utils-merge-1.0.1.tgz",
        "version": "1.0.1"
      },
      "uuid": {
        "integrity": "sha512-jZnMwlb9Iku/O3smGWvZhauCf6cvvpKi4BKRiliS3cxnI+Gz9j5MEpTz2UFuXiKPJocb7gnsLHwiS05ige5BEA==",
        "resolved": "https://registry.npmjs.org/uuid/-/uuid-3.2.1.tgz",
        "version": "3.2.1"
      },
      "verror": {
        "integrity": "sha1-OhBcoXBTr1XW4nDB+CiGguGNpAA=",
        "requires": {
          "assert-plus": "1.0.0",
          "core-util-is": "1.0.2",
          "extsprintf": "1.3.0"
        },
        "resolved": "https://registry.npmjs.org/verror/-/verror-1.10.0.tgz",
        "version": "1.10.0"
      },
      "whacko": {
        "dependencies": {
          "css-select": {
            "integrity": "sha1-KzoRBTnFNV8c2NMUYj6HCxIeyFg=",
            "requires": {
              "boolbase": "1.0.0",
              "css-what": "2.1.0",
              "domutils": "1.5.1",
              "nth-check": "1.0.1"
            },
            "resolved": "https://registry.npmjs.org/css-select/-/css-select-1.2.0.tgz",
            "version": "1.2.0"
          },
          "css-what": {
            "integrity": "sha1-lGfQMsOM+u+58teVASUwYvh/ob0=",
            "resolved": "https://registry.npmjs.org/css-what/-/css-what-2.1.0.tgz",
            "version": "2.1.0"
          },
          "domutils": {
            "integrity": "sha1-3NhIiib1Y9YQeeSMn3t+Mjc2gs8=",
            "requires": {
              "dom-serializer": "0.1.0",
              "domelementtype": "1.3.0"
            },
            "resolved": "https://registry.npmjs.org/domutils/-/domutils-1.5.1.tgz",
            "version": "1.5.1"
          },
          "lodash": {
            "integrity": "sha1-W/Rejkm6QYnhfUgnid/RW9FAt7Y=",
            "resolved": "https://registry.npmjs.org/lodash/-/lodash-3.10.1.tgz",
            "version": "3.10.1"
          }
        },
        "integrity": "sha1-EQyoeJjp3+xlm5Q5Vauq6wCuD4w=",
        "requires": {
          "css-select": "1.2.0",
          "domutils": "1.5.1",
          "lodash": "3.10.1",
          "parse5": "1.5.1"
        },
        "resolved": "https://registry.npmjs.org/whacko/-/whacko-0.19.1.tgz",
        "version": "0.19.1"
      },
      "whatwg-fetch": {
        "integrity": "sha512-dcQ1GWpOD/eEQ97k66aiEVpNnapVj90/+R+SXTPYGHpYBBypfKJEQjLrvMZ7YXbKm21gXd4NcuxUTjiv1YtLng==",
        "resolved": "https://registry.npmjs.org/whatwg-fetch/-/whatwg-fetch-2.0.4.tgz",
        "version": "2.0.4"
      },
      "xtend": {
        "integrity": "sha1-pcbVMr5lbiPbgg77lDofBJmNY68=",
        "resolved": "https://registry.npmjs.org/xtend/-/xtend-4.0.1.tgz",
        "version": "4.0.1"
      }
    }
  }

yarn manifest: 
  No manifest

Lockfile: 
  No lockfile
